2017-01-14 17:31:00,155 [Worker-0] INFO  c.g.t.t.d.PublishedGradleVersions - Gradle version information cache is up-to-date. Trying to read.
2017-01-14 17:32:47,703 [Worker-3] INFO  o.e.m.c.i.p.ProjectConfigurationManager - Collecting project info '/pom.xml' C:\ProjectWorkSpace_Dumy\DummyAutomation\pom.xml
2017-01-14 17:32:53,272 [Worker-3] INFO  o.e.m.c.i.l.LifecycleMappingFactory - Using org.eclipse.m2e.jdt.JarLifecycleMapping lifecycle mapping for MavenProject: Demo:DummyAutomation:0.0.1-SNAPSHOT @ C:\ProjectWorkSpace_Dumy\DummyAutomation\pom.xml.
2017-01-14 17:32:54,668 [Worker-3] INFO  o.e.m.j.i.AbstractJavaProjectConfigurator - Adding source folder /DummyAutomation/src/main/java
2017-01-14 17:32:54,675 [Worker-3] INFO  o.e.m.j.i.AbstractJavaProjectConfigurator - Adding source folder /DummyAutomation/src/test/java
2017-01-14 17:32:55,338 [Worker-3] INFO  o.e.m.c.i.p.ProjectConfigurationManager - Imported and configured 1 project(s) in 7 sec
2017-01-14 17:32:56,482 [Worker-15] INFO  o.e.m.c.i.embedder.EclipseLogger - Using 'UTF-8' encoding to copy filtered resources.
2017-01-14 17:32:56,483 [Worker-15] INFO  o.e.m.c.i.embedder.EclipseLogger - skip non existing resourceDirectory C:\ProjectWorkSpace_Dumy\DummyAutomation\src\main\resources
2017-01-14 17:32:56,485 [Worker-15] INFO  o.e.m.c.i.embedder.EclipseLogger - Using 'UTF-8' encoding to copy filtered resources.
2017-01-14 17:32:56,486 [Worker-15] INFO  o.e.m.c.i.embedder.EclipseLogger - skip non existing resourceDirectory C:\ProjectWorkSpace_Dumy\DummyAutomation\src\test\resources
2017-01-14 17:33:37,163 [Worker-1] INFO  o.e.m.c.i.l.LifecycleMappingFactory - Using org.eclipse.m2e.jdt.JarLifecycleMapping lifecycle mapping for MavenProject: demo:DemoAutomation_Target:0.0.1-SNAPSHOT @ C:\ProjectWorkSpace_Dumy\DummyAutomation\pom.xml.
2017-01-14 17:33:38,050 [Worker-1] INFO  o.e.m.c.i.embedder.EclipseLogger - Using 'UTF-8' encoding to copy filtered resources.
2017-01-14 17:33:38,050 [Worker-1] INFO  o.e.m.c.i.embedder.EclipseLogger - skip non existing resourceDirectory C:\ProjectWorkSpace_Dumy\DummyAutomation\src\main\resources
2017-01-14 17:33:38,053 [Worker-1] INFO  o.e.m.c.i.embedder.EclipseLogger - Using 'UTF-8' encoding to copy filtered resources.
2017-01-14 17:33:38,053 [Worker-1] INFO  o.e.m.c.i.embedder.EclipseLogger - skip non existing resourceDirectory C:\ProjectWorkSpace_Dumy\DummyAutomation\src\test\resources
2017-01-14 17:33:39,703 [Worker-3] INFO  o.e.m.c.i.embedder.EclipseLogger - Using 'UTF-8' encoding to copy filtered resources.
2017-01-14 17:33:39,709 [Worker-3] INFO  o.e.m.c.i.embedder.EclipseLogger - skip non existing resourceDirectory C:\ProjectWorkSpace_Dumy\DummyAutomation\src\main\resources
2017-01-14 17:33:39,711 [Worker-3] INFO  o.e.m.c.i.embedder.EclipseLogger - Using 'UTF-8' encoding to copy filtered resources.
2017-01-14 17:33:39,711 [Worker-3] INFO  o.e.m.c.i.embedder.EclipseLogger - skip non existing resourceDirectory C:\ProjectWorkSpace_Dumy\DummyAutomation\src\test\resources
2017-01-14 17:33:52,053 [Worker-12] INFO  o.e.m.c.i.l.LifecycleMappingFactory - Using org.eclipse.m2e.jdt.JarLifecycleMapping lifecycle mapping for MavenProject: demo:DemoAutomation_Target:0.0.1-SNAPSHOT @ C:\ProjectWorkSpace_Dumy\DummyAutomation\pom.xml.
2017-01-14 17:33:52,670 [Worker-12] INFO  o.e.m.c.i.embedder.EclipseLogger - Using 'UTF-8' encoding to copy filtered resources.
2017-01-14 17:33:52,674 [Worker-12] INFO  o.e.m.c.i.embedder.EclipseLogger - skip non existing resourceDirectory C:\ProjectWorkSpace_Dumy\DummyAutomation\src\main\resources
2017-01-14 17:33:52,679 [Worker-12] INFO  o.e.m.c.i.embedder.EclipseLogger - Using 'UTF-8' encoding to copy filtered resources.
2017-01-14 17:33:52,679 [Worker-12] INFO  o.e.m.c.i.embedder.EclipseLogger - skip non existing resourceDirectory C:\ProjectWorkSpace_Dumy\DummyAutomation\src\test\resources
2017-01-14 17:34:40,450 [main] INFO  o.e.m2e.actions.ExecutePomAction - Creating new launch configuration
2017-01-14 17:34:44,338 [Worker-16] INFO  o.e.m.i.launch.MavenLaunchDelegate - C:\ProjectWorkSpace_Dumy\DummyAutomation
2017-01-14 17:34:44,339 [Worker-16] INFO  o.e.m.i.launch.MavenLaunchDelegate -  mvn -B Compile
2017-01-14 17:35:00,130 [main] INFO  o.e.m2e.actions.ExecutePomAction - Using existing launch configuration
2017-01-14 17:35:00,255 [Worker-1] INFO  o.e.m.i.launch.MavenLaunchDelegate - C:\ProjectWorkSpace_Dumy\DummyAutomation
2017-01-14 17:35:00,264 [Worker-1] INFO  o.e.m.i.launch.MavenLaunchDelegate -  mvn -B Compile
2017-01-14 17:35:05,489 [main] INFO  o.e.m2e.actions.ExecutePomAction - Creating new launch configuration
2017-01-14 17:35:08,353 [Worker-13] INFO  o.e.m.i.launch.MavenLaunchDelegate - C:\ProjectWorkSpace_Dumy\DummyAutomation
2017-01-14 17:35:08,364 [Worker-13] INFO  o.e.m.i.launch.MavenLaunchDelegate -  mvn -B compile
2017-01-14 17:36:22,327 [Worker-9] INFO  o.e.m.c.i.embedder.EclipseLogger - Using 'UTF-8' encoding to copy filtered resources.
2017-01-14 17:36:22,333 [Worker-9] INFO  o.e.m.c.i.embedder.EclipseLogger - skip non existing resourceDirectory C:\ProjectWorkSpace_Dumy\DummyAutomation\src\main\resources
2017-01-14 17:36:22,345 [Worker-9] INFO  o.e.m.c.i.embedder.EclipseLogger - Using 'UTF-8' encoding to copy filtered resources.
2017-01-14 17:36:22,356 [Worker-9] INFO  o.e.m.c.i.embedder.EclipseLogger - skip non existing resourceDirectory C:\ProjectWorkSpace_Dumy\DummyAutomation\src\test\resources
2017-01-14 17:36:27,809 [main] INFO  o.e.m2e.actions.ExecutePomAction - Creating new launch configuration
2017-01-14 17:36:31,619 [Worker-13] INFO  o.e.m.i.launch.MavenLaunchDelegate - C:\ProjectWorkSpace_Dumy\DummyAutomation
2017-01-14 17:36:31,619 [Worker-13] INFO  o.e.m.i.launch.MavenLaunchDelegate -  mvn -B compile
2017-01-14 17:36:52,719 [Worker-9] INFO  o.e.m.c.i.p.ProjectConfigurationManager - Update started
2017-01-14 17:36:53,498 [Worker-9] INFO  o.e.m.c.i.l.LifecycleMappingFactory - Using org.eclipse.m2e.jdt.JarLifecycleMapping lifecycle mapping for MavenProject: demo:DemoAutomation_Target:0.0.1-SNAPSHOT @ C:\ProjectWorkSpace_Dumy\DummyAutomation\pom.xml.
2017-01-14 17:36:54,889 [Worker-9] INFO  o.e.m.j.i.AbstractJavaProjectConfigurator - Adding source folder /DummyAutomation/src/main/java
2017-01-14 17:36:54,897 [Worker-9] INFO  o.e.m.j.i.AbstractJavaProjectConfigurator - Adding source folder /DummyAutomation/src/test/java
2017-01-14 17:36:55,084 [Worker-9] INFO  o.e.m.c.i.p.ProjectConfigurationManager - Update completed: 2 sec
2017-01-14 17:36:55,482 [Worker-3] INFO  o.e.m.c.i.embedder.EclipseLogger - Using 'UTF-8' encoding to copy filtered resources.
2017-01-14 17:36:55,489 [Worker-3] INFO  o.e.m.c.i.embedder.EclipseLogger - skip non existing resourceDirectory C:\ProjectWorkSpace_Dumy\DummyAutomation\src\main\resources
2017-01-14 17:36:55,491 [Worker-3] INFO  o.e.m.c.i.embedder.EclipseLogger - Using 'UTF-8' encoding to copy filtered resources.
2017-01-14 17:36:55,501 [Worker-3] INFO  o.e.m.c.i.embedder.EclipseLogger - skip non existing resourceDirectory C:\ProjectWorkSpace_Dumy\DummyAutomation\src\test\resources
2017-01-14 17:37:33,257 [Worker-1] INFO  o.e.m.c.i.embedder.EclipseLogger - Using 'UTF-8' encoding to copy filtered resources.
2017-01-14 17:37:33,257 [Worker-1] INFO  o.e.m.c.i.embedder.EclipseLogger - skip non existing resourceDirectory C:\ProjectWorkSpace_Dumy\DummyAutomation\src\main\resources
2017-01-14 17:37:33,258 [Worker-1] INFO  o.e.m.c.i.embedder.EclipseLogger - Using 'UTF-8' encoding to copy filtered resources.
2017-01-14 17:37:33,266 [Worker-1] INFO  o.e.m.c.i.embedder.EclipseLogger - skip non existing resourceDirectory C:\ProjectWorkSpace_Dumy\DummyAutomation\src\test\resources
2017-01-14 17:37:37,103 [Worker-15] INFO  o.e.m.c.i.embedder.EclipseLogger - Using 'UTF-8' encoding to copy filtered resources.
2017-01-14 17:37:37,114 [Worker-15] INFO  o.e.m.c.i.embedder.EclipseLogger - skip non existing resourceDirectory C:\ProjectWorkSpace_Dumy\DummyAutomation\src\main\resources
2017-01-14 17:37:37,123 [Worker-15] INFO  o.e.m.c.i.embedder.EclipseLogger - Using 'UTF-8' encoding to copy filtered resources.
2017-01-14 17:37:37,129 [Worker-15] INFO  o.e.m.c.i.embedder.EclipseLogger - skip non existing resourceDirectory C:\ProjectWorkSpace_Dumy\DummyAutomation\src\test\resources
